Jul-06 18:49:36.688 [main] DEBUG nextflow.cli.Launcher - $> nextflow /media/morpheus/sagar/BUDDHA/TOGA_new/make_lastz_chains/parallelization/execute_joblist.nf --joblist /media/morpheus/sagar/kadak_part2/Fm2_CAU/Liftover/GRCg6a_to_CAU/Hap2_masked/chain/temp_lastz_run/lastz_joblist.txt -c /media/morpheus/sagar/kadak_part2/Fm2_CAU/Liftover/GRCg6a_to_CAU/Hap2_masked/chain/temp_lastz_run/lastz_config.nf
Jul-06 18:49:36.773 [main] INFO  nextflow.cli.CmdRun - N E X T F L O W  ~  version 21.10.6
Jul-06 18:49:36.805 [main] INFO  nextflow.cli.CmdRun - Launching `/media/morpheus/sagar/BUDDHA/TOGA_new/make_lastz_chains/parallelization/execute_joblist.nf` [sharp_avogadro] - revision: 0483b29723
Jul-06 18:49:36.825 [main] DEBUG nextflow.config.ConfigBuilder - User config file: /media/morpheus/sagar/kadak_part2/Fm2_CAU/Liftover/GRCg6a_to_CAU/Hap2_masked/chain/temp_lastz_run/lastz_config.nf
Jul-06 18:49:36.826 [main] DEBUG nextflow.config.ConfigBuilder - Parsing config file: /media/morpheus/sagar/kadak_part2/Fm2_CAU/Liftover/GRCg6a_to_CAU/Hap2_masked/chain/temp_lastz_run/lastz_config.nf
Jul-06 18:49:36.852 [main] DEBUG nextflow.config.ConfigBuilder - Applying config profile: `standard`
Jul-06 18:49:37.846 [main] DEBUG nextflow.plugin.PluginsFacade - Setting up plugin manager > mode=prod; plugins-dir=/home/morpheus/.nextflow/plugins
Jul-06 18:49:37.847 [main] DEBUG nextflow.plugin.PluginsFacade - Plugins default=[]
Jul-06 18:49:37.859 [main] INFO  org.pf4j.DefaultPluginStatusProvider - Enabled plugins: []
Jul-06 18:49:37.860 [main] INFO  org.pf4j.DefaultPluginStatusProvider - Disabled plugins: []
Jul-06 18:49:37.864 [main] INFO  org.pf4j.DefaultPluginManager - PF4J version 3.4.1 in 'deployment' mode
Jul-06 18:49:37.874 [main] INFO  org.pf4j.AbstractPluginManager - No plugins
Jul-06 18:49:37.933 [main] DEBUG nextflow.Session - Session uuid: 34599030-1f86-41b1-b27b-4049eeb5b6be
Jul-06 18:49:37.933 [main] DEBUG nextflow.Session - Run name: sharp_avogadro
Jul-06 18:49:37.934 [main] DEBUG nextflow.Session - Executor pool size: 72
Jul-06 18:49:37.956 [main] DEBUG nextflow.cli.CmdRun - 
  Version: 21.10.6 build 5660
  Created: 21-12-2021 16:55 UTC (22:25 IDT)
  System: Linux 5.15.0-97-generic
  Runtime: Groovy 3.0.9 on OpenJDK 64-Bit Server VM 1.8.0_382-b05
  Encoding: UTF-8 (UTF-8)
  Process: 4161202@morpheus-OptiPlex-5050 [127.0.1.1]
  CPUs: 72 - Mem: 503.7 GB (135.3 GB) - Swap: 2 GB (781.9 MB)
Jul-06 18:49:37.980 [main] DEBUG nextflow.Session - Work-dir: /media/morpheus/sagar/kadak_part2/Fm2_CAU/Liftover/GRCg6a_to_CAU/Hap2_masked/chain/temp_lastz_run/work [xfs]
Jul-06 18:49:37.980 [main] DEBUG nextflow.Session - Script base path does not exist or is not a directory: /media/morpheus/sagar/BUDDHA/TOGA_new/make_lastz_chains/parallelization/bin
Jul-06 18:49:37.990 [main] DEBUG nextflow.executor.ExecutorFactory - Extension executors providers=[]
Jul-06 18:49:38.002 [main] DEBUG nextflow.Session - Observer factory: DefaultObserverFactory
Jul-06 18:49:38.037 [main] DEBUG nextflow.util.CustomThreadPool - Creating default thread pool > poolSize: 73; maxThreads: 1000
Jul-06 18:49:38.338 [main] DEBUG nextflow.Session - Session start invoked
Jul-06 18:49:38.617 [main] DEBUG nextflow.script.ScriptRunner - > Launching execution
Jul-06 18:49:38.728 [main] DEBUG nextflow.util.CustomThreadPool - Creating default thread pool > poolSize: 73; maxThreads: 1000
Jul-06 18:49:38.797 [main] DEBUG nextflow.executor.ExecutorFactory - << taskConfig executor: local
Jul-06 18:49:38.797 [main] DEBUG nextflow.executor.ExecutorFactory - >> processorType: 'local'
Jul-06 18:49:38.803 [main] DEBUG nextflow.executor.Executor - [warm up] executor > local
Jul-06 18:49:38.810 [main] DEBUG n.processor.LocalPollingMonitor - Creating local task monitor for executor 'local' > cpus=72; memory=503.7 GB; capacity=1000; pollInterval=100ms; dumpInterval=5m
Jul-06 18:49:38.898 [main] DEBUG nextflow.Session - Workflow process names [dsl2]: execute_jobs
Jul-06 18:49:38.898 [main] DEBUG nextflow.Session - Ignite dataflow network (2)
Jul-06 18:49:38.906 [main] DEBUG nextflow.processor.TaskProcessor - Starting process > execute_jobs
Jul-06 18:49:38.907 [main] DEBUG nextflow.script.ScriptRunner - > Await termination 
Jul-06 18:49:38.907 [main] DEBUG nextflow.Session - Session await
Jul-06 18:49:39.081 [Task submitter] DEBUG nextflow.executor.LocalTaskHandler - Launch cmd line: /bin/bash -ue .command.run
Jul-06 18:49:39.086 [Task submitter] INFO  nextflow.Session - [87/b1079d] Submitted process > execute_jobs (1)
Jul-06 18:53:45.536 [Task monitor] DEBUG n.processor.TaskPollingMonitor - Task completed > TaskHandler[id: 1; name: execute_jobs (1); status: COMPLETED; exit: 0; error: -; workDir: /media/morpheus/sagar/kadak_part2/Fm2_CAU/Liftover/GRCg6a_to_CAU/Hap2_masked/chain/temp_lastz_run/work/87/b1079dc87c1ae66e2606112c657222]
Jul-06 18:53:45.549 [main] DEBUG nextflow.Session - Session await > all process finished
Jul-06 18:53:45.630 [main] DEBUG nextflow.Session - Session await > all barriers passed
Jul-06 18:53:45.641 [main] DEBUG nextflow.trace.WorkflowStatsObserver - Workflow completed > WorkflowStats[succeededCount=1; failedCount=0; ignoredCount=0; cachedCount=0; pendingCount=0; submittedCount=0; runningCount=0; retriesCount=0; abortedCount=0; succeedDuration=4m 6s; failedDuration=0ms; cachedDuration=0ms;loadCpus=0; loadMemory=0; peakRunning=1; peakCpus=1; peakMemory=16 GB; ]
Jul-06 18:53:45.746 [main] DEBUG nextflow.CacheDB - Closing CacheDB done
Jul-06 18:53:45.777 [main] DEBUG nextflow.script.ScriptRunner - > Execution complete -- Goodbye
