Jul-06 18:48:36.574 [main] DEBUG nextflow.cli.Launcher - $> nextflow /media/morpheus/sagar/BUDDHA/TOGA_new/make_lastz_chains/parallelization/execute_joblist.nf --joblist /media/morpheus/sagar/kadak_part2/Fm2_CAU/Liftover/GRCg6a_to_CAU/Hap1_masked/chain/temp_lastz_run/lastz_joblist.txt -c /media/morpheus/sagar/kadak_part2/Fm2_CAU/Liftover/GRCg6a_to_CAU/Hap1_masked/chain/temp_lastz_run/lastz_config.nf
Jul-06 18:48:36.657 [main] INFO  nextflow.cli.CmdRun - N E X T F L O W  ~  version 21.10.6
Jul-06 18:48:36.690 [main] INFO  nextflow.cli.CmdRun - Launching `/media/morpheus/sagar/BUDDHA/TOGA_new/make_lastz_chains/parallelization/execute_joblist.nf` [astonishing_kilby] - revision: 0483b29723
Jul-06 18:48:36.710 [main] DEBUG nextflow.config.ConfigBuilder - User config file: /media/morpheus/sagar/kadak_part2/Fm2_CAU/Liftover/GRCg6a_to_CAU/Hap1_masked/chain/temp_lastz_run/lastz_config.nf
Jul-06 18:48:36.710 [main] DEBUG nextflow.config.ConfigBuilder - Parsing config file: /media/morpheus/sagar/kadak_part2/Fm2_CAU/Liftover/GRCg6a_to_CAU/Hap1_masked/chain/temp_lastz_run/lastz_config.nf
Jul-06 18:48:36.735 [main] DEBUG nextflow.config.ConfigBuilder - Applying config profile: `standard`
Jul-06 18:48:37.882 [main] DEBUG nextflow.plugin.PluginsFacade - Setting up plugin manager > mode=prod; plugins-dir=/home/morpheus/.nextflow/plugins
Jul-06 18:48:37.885 [main] DEBUG nextflow.plugin.PluginsFacade - Plugins default=[]
Jul-06 18:48:37.908 [main] INFO  org.pf4j.DefaultPluginStatusProvider - Enabled plugins: []
Jul-06 18:48:37.910 [main] INFO  org.pf4j.DefaultPluginStatusProvider - Disabled plugins: []
Jul-06 18:48:37.918 [main] INFO  org.pf4j.DefaultPluginManager - PF4J version 3.4.1 in 'deployment' mode
Jul-06 18:48:37.935 [main] INFO  org.pf4j.AbstractPluginManager - No plugins
Jul-06 18:48:38.032 [main] DEBUG nextflow.Session - Session uuid: 925e620d-8f16-46f6-98b3-ce16ac8e7b3d
Jul-06 18:48:38.032 [main] DEBUG nextflow.Session - Run name: astonishing_kilby
Jul-06 18:48:38.033 [main] DEBUG nextflow.Session - Executor pool size: 72
Jul-06 18:48:38.073 [main] DEBUG nextflow.cli.CmdRun - 
  Version: 21.10.6 build 5660
  Created: 21-12-2021 16:55 UTC (22:25 IDT)
  System: Linux 5.15.0-97-generic
  Runtime: Groovy 3.0.9 on OpenJDK 64-Bit Server VM 1.8.0_382-b05
  Encoding: UTF-8 (UTF-8)
  Process: 3983203@morpheus-OptiPlex-5050 [127.0.1.1]
  CPUs: 72 - Mem: 503.7 GB (136.6 GB) - Swap: 2 GB (781.9 MB)
Jul-06 18:48:38.118 [main] DEBUG nextflow.Session - Work-dir: /media/morpheus/sagar/kadak_part2/Fm2_CAU/Liftover/GRCg6a_to_CAU/Hap1_masked/chain/temp_lastz_run/work [xfs]
Jul-06 18:48:38.118 [main] DEBUG nextflow.Session - Script base path does not exist or is not a directory: /media/morpheus/sagar/BUDDHA/TOGA_new/make_lastz_chains/parallelization/bin
Jul-06 18:48:38.135 [main] DEBUG nextflow.executor.ExecutorFactory - Extension executors providers=[]
Jul-06 18:48:38.156 [main] DEBUG nextflow.Session - Observer factory: DefaultObserverFactory
Jul-06 18:48:38.230 [main] DEBUG nextflow.util.CustomThreadPool - Creating default thread pool > poolSize: 73; maxThreads: 1000
Jul-06 18:48:38.591 [main] DEBUG nextflow.Session - Session start invoked
Jul-06 18:48:38.950 [main] DEBUG nextflow.script.ScriptRunner - > Launching execution
Jul-06 18:48:39.063 [main] DEBUG nextflow.util.CustomThreadPool - Creating default thread pool > poolSize: 73; maxThreads: 1000
Jul-06 18:48:39.137 [main] DEBUG nextflow.executor.ExecutorFactory - << taskConfig executor: local
Jul-06 18:48:39.137 [main] DEBUG nextflow.executor.ExecutorFactory - >> processorType: 'local'
Jul-06 18:48:39.143 [main] DEBUG nextflow.executor.Executor - [warm up] executor > local
Jul-06 18:48:39.150 [main] DEBUG n.processor.LocalPollingMonitor - Creating local task monitor for executor 'local' > cpus=72; memory=503.7 GB; capacity=1000; pollInterval=100ms; dumpInterval=5m
Jul-06 18:48:39.242 [main] DEBUG nextflow.Session - Workflow process names [dsl2]: execute_jobs
Jul-06 18:48:39.242 [main] DEBUG nextflow.Session - Ignite dataflow network (2)
Jul-06 18:48:39.251 [main] DEBUG nextflow.processor.TaskProcessor - Starting process > execute_jobs
Jul-06 18:48:39.251 [main] DEBUG nextflow.script.ScriptRunner - > Await termination 
Jul-06 18:48:39.251 [main] DEBUG nextflow.Session - Session await
Jul-06 18:48:39.388 [Task submitter] DEBUG nextflow.executor.LocalTaskHandler - Launch cmd line: /bin/bash -ue .command.run
Jul-06 18:48:39.393 [Task submitter] INFO  nextflow.Session - [4f/8fa012] Submitted process > execute_jobs (1)
Jul-06 18:52:43.756 [Task monitor] DEBUG n.processor.TaskPollingMonitor - Task completed > TaskHandler[id: 1; name: execute_jobs (1); status: COMPLETED; exit: 0; error: -; workDir: /media/morpheus/sagar/kadak_part2/Fm2_CAU/Liftover/GRCg6a_to_CAU/Hap1_masked/chain/temp_lastz_run/work/4f/8fa012249d091710e080baabb77205]
Jul-06 18:52:43.768 [main] DEBUG nextflow.Session - Session await > all process finished
Jul-06 18:52:43.769 [main] DEBUG nextflow.Session - Session await > all barriers passed
Jul-06 18:52:43.780 [main] DEBUG nextflow.trace.WorkflowStatsObserver - Workflow completed > WorkflowStats[succeededCount=1; failedCount=0; ignoredCount=0; cachedCount=0; pendingCount=0; submittedCount=0; runningCount=0; retriesCount=0; abortedCount=0; succeedDuration=4m 4s; failedDuration=0ms; cachedDuration=0ms;loadCpus=0; loadMemory=0; peakRunning=1; peakCpus=1; peakMemory=16 GB; ]
Jul-06 18:52:43.996 [main] DEBUG nextflow.CacheDB - Closing CacheDB done
Jul-06 18:52:44.039 [main] DEBUG nextflow.script.ScriptRunner - > Execution complete -- Goodbye
