Jul-06 19:50:20.203 [main] DEBUG nextflow.cli.Launcher - $> nextflow /media/morpheus/sagar/BUDDHA/TOGA_new/make_lastz_chains/parallelization/execute_joblist.nf --joblist /media/morpheus/sagar/kadak_part2/Fm2_CAU/Liftover/GRCg6a_to_Lueyang/Hap2_masked/chain/temp_lastz_run/lastz_joblist.txt -c /media/morpheus/sagar/kadak_part2/Fm2_CAU/Liftover/GRCg6a_to_Lueyang/Hap2_masked/chain/temp_lastz_run/lastz_config.nf
Jul-06 19:50:20.356 [main] INFO  nextflow.cli.CmdRun - N E X T F L O W  ~  version 21.10.6
Jul-06 19:50:20.408 [main] INFO  nextflow.cli.CmdRun - Launching `/media/morpheus/sagar/BUDDHA/TOGA_new/make_lastz_chains/parallelization/execute_joblist.nf` [adoring_faggin] - revision: 0483b29723
Jul-06 19:50:20.447 [main] DEBUG nextflow.config.ConfigBuilder - User config file: /media/morpheus/sagar/kadak_part2/Fm2_CAU/Liftover/GRCg6a_to_Lueyang/Hap2_masked/chain/temp_lastz_run/lastz_config.nf
Jul-06 19:50:20.448 [main] DEBUG nextflow.config.ConfigBuilder - Parsing config file: /media/morpheus/sagar/kadak_part2/Fm2_CAU/Liftover/GRCg6a_to_Lueyang/Hap2_masked/chain/temp_lastz_run/lastz_config.nf
Jul-06 19:50:20.495 [main] DEBUG nextflow.config.ConfigBuilder - Applying config profile: `standard`
Jul-06 19:50:22.094 [main] DEBUG nextflow.plugin.PluginsFacade - Setting up plugin manager > mode=prod; plugins-dir=/home/morpheus/.nextflow/plugins
Jul-06 19:50:22.097 [main] DEBUG nextflow.plugin.PluginsFacade - Plugins default=[]
Jul-06 19:50:22.118 [main] INFO  org.pf4j.DefaultPluginStatusProvider - Enabled plugins: []
Jul-06 19:50:22.121 [main] INFO  org.pf4j.DefaultPluginStatusProvider - Disabled plugins: []
Jul-06 19:50:22.127 [main] INFO  org.pf4j.DefaultPluginManager - PF4J version 3.4.1 in 'deployment' mode
Jul-06 19:50:22.147 [main] INFO  org.pf4j.AbstractPluginManager - No plugins
Jul-06 19:50:22.241 [main] DEBUG nextflow.Session - Session uuid: 77b55b59-f91c-4b38-842f-64dd3f4bef3a
Jul-06 19:50:22.241 [main] DEBUG nextflow.Session - Run name: adoring_faggin
Jul-06 19:50:22.243 [main] DEBUG nextflow.Session - Executor pool size: 72
Jul-06 19:50:22.288 [main] DEBUG nextflow.cli.CmdRun - 
  Version: 21.10.6 build 5660
  Created: 21-12-2021 16:55 UTC (22:25 IDT)
  System: Linux 5.15.0-97-generic
  Runtime: Groovy 3.0.9 on OpenJDK 64-Bit Server VM 1.8.0_382-b05
  Encoding: UTF-8 (UTF-8)
  Process: 4108753@morpheus-OptiPlex-5050 [127.0.1.1]
  CPUs: 72 - Mem: 503.7 GB (142.6 GB) - Swap: 2 GB (782.6 MB)
Jul-06 19:50:22.339 [main] DEBUG nextflow.Session - Work-dir: /media/morpheus/sagar/kadak_part2/Fm2_CAU/Liftover/GRCg6a_to_Lueyang/Hap2_masked/chain/temp_lastz_run/work [xfs]
Jul-06 19:50:22.340 [main] DEBUG nextflow.Session - Script base path does not exist or is not a directory: /media/morpheus/sagar/BUDDHA/TOGA_new/make_lastz_chains/parallelization/bin
Jul-06 19:50:22.357 [main] DEBUG nextflow.executor.ExecutorFactory - Extension executors providers=[]
Jul-06 19:50:22.378 [main] DEBUG nextflow.Session - Observer factory: DefaultObserverFactory
Jul-06 19:50:22.439 [main] DEBUG nextflow.util.CustomThreadPool - Creating default thread pool > poolSize: 73; maxThreads: 1000
Jul-06 19:50:23.323 [main] DEBUG nextflow.Session - Session start invoked
Jul-06 19:50:23.597 [main] DEBUG nextflow.script.ScriptRunner - > Launching execution
Jul-06 19:50:23.702 [main] DEBUG nextflow.util.CustomThreadPool - Creating default thread pool > poolSize: 73; maxThreads: 1000
Jul-06 19:50:23.765 [main] DEBUG nextflow.executor.ExecutorFactory - << taskConfig executor: local
Jul-06 19:50:23.766 [main] DEBUG nextflow.executor.ExecutorFactory - >> processorType: 'local'
Jul-06 19:50:23.771 [main] DEBUG nextflow.executor.Executor - [warm up] executor > local
Jul-06 19:50:23.777 [main] DEBUG n.processor.LocalPollingMonitor - Creating local task monitor for executor 'local' > cpus=72; memory=503.7 GB; capacity=1000; pollInterval=100ms; dumpInterval=5m
Jul-06 19:50:23.873 [main] DEBUG nextflow.Session - Workflow process names [dsl2]: execute_jobs
Jul-06 19:50:23.874 [main] DEBUG nextflow.Session - Ignite dataflow network (2)
Jul-06 19:50:23.882 [main] DEBUG nextflow.processor.TaskProcessor - Starting process > execute_jobs
Jul-06 19:50:23.883 [main] DEBUG nextflow.script.ScriptRunner - > Await termination 
Jul-06 19:50:23.883 [main] DEBUG nextflow.Session - Session await
Jul-06 19:50:24.028 [Task submitter] DEBUG nextflow.executor.LocalTaskHandler - Launch cmd line: /bin/bash -ue .command.run
Jul-06 19:50:24.034 [Task submitter] INFO  nextflow.Session - [77/b99691] Submitted process > execute_jobs (1)
Jul-06 19:54:18.013 [Task monitor] DEBUG n.processor.TaskPollingMonitor - Task completed > TaskHandler[id: 1; name: execute_jobs (1); status: COMPLETED; exit: 0; error: -; workDir: /media/morpheus/sagar/kadak_part2/Fm2_CAU/Liftover/GRCg6a_to_Lueyang/Hap2_masked/chain/temp_lastz_run/work/77/b996915b8faa1846931ce7a00fe563]
Jul-06 19:54:18.022 [main] DEBUG nextflow.Session - Session await > all process finished
Jul-06 19:54:18.024 [main] DEBUG nextflow.Session - Session await > all barriers passed
Jul-06 19:54:18.038 [main] DEBUG nextflow.trace.WorkflowStatsObserver - Workflow completed > WorkflowStats[succeededCount=1; failedCount=0; ignoredCount=0; cachedCount=0; pendingCount=0; submittedCount=0; runningCount=0; retriesCount=0; abortedCount=0; succeedDuration=3m 54s; failedDuration=0ms; cachedDuration=0ms;loadCpus=0; loadMemory=0; peakRunning=1; peakCpus=1; peakMemory=16 GB; ]
Jul-06 19:54:18.597 [main] DEBUG nextflow.CacheDB - Closing CacheDB done
Jul-06 19:54:18.640 [main] DEBUG nextflow.script.ScriptRunner - > Execution complete -- Goodbye
